00:16:59 **** Incremental Build of configuration Debug for project TankGame ****
make -j8 all 
arm-none-eabi-gcc "../Core/Src/stm32f3xx_it.c" -mcpu=cortex-m4 -std=gnu11 -g3 -DDEBUG -DUSE_HAL_DRIVER -DSTM32F303xC -c -I../Core/Inc -I../Drivers/STM32F3xx_HAL_Driver/Inc -I../Drivers/STM32F3xx_HAL_Driver/Inc/Legacy -I../Drivers/CMSIS/Device/ST/STM32F3xx/Include -I../Drivers/CMSIS/Include -O0 -ffunction-sections -fdata-sections -Wall -fstack-usage -MMD -MP -MF"Core/Src/stm32f3xx_it.d" -MT"Core/Src/stm32f3xx_it.o" --specs=nano.specs -mfpu=fpv4-sp-d16 -mfloat-abi=hard -mthumb -o "Core/Src/stm32f3xx_it.o"
../Core/Src/stm32f3xx_it.c: In function 'call_change_melody':
../Core/Src/stm32f3xx_it.c:166:3: warning: implicit declaration of function 'Change_Melody' [-Wimplicit-function-declaration]
  166 |   Change_Melody(super_mario_bros, ARRAY_LENGTH(super_mario_bros));
      |   ^~~~~~~~~~~~~
../Core/Src/stm32f3xx_it.c: At top level:
../Core/Src/stm32f3xx_it.c:169:6: warning: conflicting types for 'Change_Melody'
  169 | void Change_Melody(const Tone *melody, uint16_t tone_count) {
      |      ^~~~~~~~~~~~~
../Core/Src/stm32f3xx_it.c:166:3: note: previous implicit declaration of 'Change_Melody' was here
  166 |   Change_Melody(super_mario_bros, ARRAY_LENGTH(super_mario_bros));
      |   ^~~~~~~~~~~~~
arm-none-eabi-gcc -o "TankGame.elf" @"objects.list"   -mcpu=cortex-m4 -T"D:\University\TERM 7\MicroControler\Final Project\Tank-Game-on-Char-LCD\TankGame\STM32F303VCTX_FLASH.ld" --specs=nosys.specs -Wl,-Map="TankGame.map" -Wl,--gc-sections -static --specs=nano.specs -mfpu=fpv4-sp-d16 -mfloat-abi=hard -mthumb -Wl,--start-group -lc -lm -Wl,--end-group
Finished building target: TankGame.elf
 
arm-none-eabi-size   TankGame.elf 
arm-none-eabi-objdump -h -S  TankGame.elf  > "TankGame.list"
   text	   data	    bss	    dec	    hex	filename
  41328	    252	   4820	  46400	   b540	TankGame.elf
Finished building: default.size.stdout
 
Finished building: TankGame.list
 

00:16:59 Build Finished. 0 errors, 2 warnings. (took 921ms)

